<?xml version="1.0" encoding="UTF-8"?>
<!-- Generated by org.testng.reporters.JUnitXMLReporter -->
<testsuite ignored="0" hostname="DESKTOP-M021GP2" failures="0" tests="6" name="Test" time="0.059" errors="0" timestamp="2021-08-18T20:38:56 EDT">
  <testcase classname="test1.TestDebitCard" name="testB1" time="0.008"/>
  <testcase classname="test1.TestDebitCard" name="testB2" time="0.001"/>
  <testcase classname="test1.TestDebitCard" name="testB3" time="0.001"/>
  <testcase classname="test1.TestCreditCard" name="testA1" time="0.001"/>
  <testcase classname="test1.TestCreditCard" name="testA2" time="0.001"/>
  <testcase classname="test1.TestCreditCard" name="testA3" time="0.001"/>
</testsuite> <!-- Test -->
