<?xml version="1.0" encoding="UTF-8"?>
<testng-results ignored="0" total="3" passed="3" failed="0" skipped="0">
  <reporter-output>
  </reporter-output>
  <suite started-at="2021-08-18T20:47:29 EDT" name="Suite" finished-at="2021-08-18T20:47:29 EDT" duration-ms="34">
    <groups>
    </groups>
    <test started-at="2021-08-18T20:47:29 EDT" name="Test" finished-at="2021-08-18T20:47:29 EDT" duration-ms="34">
      <class name="test1.TestDebitCard">
        <test-method signature="testB1()[pri:0, instance:test1.TestDebitCard@71e9ddb4]" started-at="2021-08-18T20:47:29 EDT" name="testB1" finished-at="2021-08-18T20:47:29 EDT" duration-ms="4" status="PASS">
          <reporter-output>
          </reporter-output>
        </test-method> <!-- testB1 -->
        <test-method signature="testB2()[pri:0, instance:test1.TestDebitCard@71e9ddb4]" started-at="2021-08-18T20:47:29 EDT" name="testB2" finished-at="2021-08-18T20:47:29 EDT" duration-ms="0" status="PASS">
          <reporter-output>
          </reporter-output>
        </test-method> <!-- testB2 -->
        <test-method signature="testB3()[pri:0, instance:test1.TestDebitCard@71e9ddb4]" started-at="2021-08-18T20:47:29 EDT" name="testB3" finished-at="2021-08-18T20:47:29 EDT" duration-ms="0" status="PASS">
          <reporter-output>
          </reporter-output>
        </test-method> <!-- testB3 -->
      </class> <!-- test1.TestDebitCard -->
    </test> <!-- Test -->
  </suite> <!-- Suite -->
</testng-results>
