<?xml version="1.0" encoding="UTF-8"?>
<testsuite xmlns:xsi="http://www.w3.org/2001/XMLSchema-instance" xsi:noNamespaceSchemaLocation="https://maven.apache.org/surefire/maven-surefire-plugin/xsd/surefire-test-report.xsd" name="TestSuite" time="0.675" tests="3" errors="0" skipped="0" failures="0">
  <properties>
[...]
</properties>
  <testcase name="testB1" classname="test1.TestDebitCard" time="0.004"/>
  <testcase name="testB2" classname="test1.TestDebitCard" time="0"/>
  <testcase name="testB3" classname="test1.TestDebitCard" time="0.002"/>
</testsuite>