<?xml version="1.0" encoding="UTF-8"?>
<testng-results ignored="0" total="1" passed="1" failed="0" skipped="0">
  <reporter-output>
  </reporter-output>
  <suite started-at="2021-09-01T20:15:20 EDT" name="Default suite" finished-at="2021-09-01T20:15:27 EDT" duration-ms="7094">
    <groups>
    </groups>
    <test started-at="2021-09-01T20:15:20 EDT" name="Default test" finished-at="2021-09-01T20:15:27 EDT" duration-ms="7094">
      <class name="testcases.PageObjectTest1">
        <test-method is-config="true" signature="setup()[pri:0, instance:testcases.PageObjectTest1@e1de817]" started-at="2021-09-01T20:15:20 EDT" name="setup" finished-at="2021-09-01T20:15:22 EDT" duration-ms="2016" status="PASS">
          <reporter-output>
          </reporter-output>
        </test-method> <!-- setup -->
        <test-method signature="testDrpDown()[pri:0, instance:testcases.PageObjectTest1@e1de817]" started-at="2021-09-01T20:15:22 EDT" name="testDrpDown" finished-at="2021-09-01T20:15:27 EDT" duration-ms="5041" status="PASS">
          <reporter-output>
          </reporter-output>
        </test-method> <!-- testDrpDown -->
      </class> <!-- testcases.PageObjectTest1 -->
    </test> <!-- Default test -->
  </suite> <!-- Default suite -->
</testng-results>
